Arguments: 
  C:\Program Files\nodejs\node.exe C:\Users\p2941938\AppData\Roaming\npm\node_modules\yarn\bin\yarn.js

PATH: 
  C:\WINDOWS\system32;C:\WINDOWS;C:\WINDOWS\System32\Wbem;C:\WINDOWS\System32\WindowsPowerShell\v1.0\;C:\WINDOWS\System32\OpenSSH\;C:\Program Files (x86)\Symantec\VIP Access Client\;C:\Program Files (x86)\Webex\Plugins;C:\Program Files\nodejs\;C:\Users\p2941938\AppData\Local\Microsoft\WindowsApps;C:\Users\p2941938\AppData\Local\Programs\Microsoft VS Code\bin;C:\Users\p2941938\AppData\Local\Programs\Git\cmd;C:\Users\p2941938\AppData\Local\Programs\Rancher Desktop\resources\resources\win32\bin;C:\Users\p2941938\AppData\Local\Programs\Rancher Desktop\resources\resources\linux\bin;C:\Users\p2941938\AppData\Roaming\npm

Yarn version: 
  1.22.18

Node version: 
  18.1.0

Platform: 
  win32 x64

Trace: 
  Error: write EPROTO C4480000:error:0A000152:SSL routines:final_renegotiate:unsafe legacy renegotiation disabled:c:\ws\deps\openssl\openssl\ssl\statem\extensions.c:908:
  
      at WriteWrap.onWriteComplete [as oncomplete] (node:internal/stream_base_commons:94:16)

npm manifest: 
  {
      "name": "common-auth-ldap",
      "version": "1.0.0",
      "description": "",
      "main": "server.js",
      "scripts": {
        "test": "echo \"Error: no test specified\" && exit 1"
      },
      "repository": {
        "type": "git",
        "url": "https://gitlab.spectrumflow.net/cot/infrastructure/internal-api/common-project/common-auth-ldap.git"
      },
      "author": "Dylan Moore",
      "license": "ISC",
      "dependencies": {
        "activedirectory2": "^2.1.0",
        "axios": "^0.21.1",
        "bluebird": "^3.7.2",
        "express": "^4.16.0",
        "moment": "^2.19.1",
        "path": "^0.12.7"
      }
    }

yarn manifest: 
  No manifest

Lockfile: 
  No lockfile
